<?xml version="1.0" encoding="UTF-8"?>
<testng-results ignored="3" total="5" passed="2" failed="0" skipped="0">
  <reporter-output>
  </reporter-output>
  <suite started-at="2023-11-03T15:54:22 IST" name="Suite" finished-at="2023-11-03T15:54:34 IST" duration-ms="11781">
    <groups>
      <group name="purchase">
        <method signature="SubmitOrderTest.submitOrder(java.util.HashMap)[pri:0, instance:com.qa.vigupta.tests.SubmitOrderTest@740cae06]" name="submitOrder" class="com.qa.vigupta.tests.SubmitOrderTest"/>
      </group> <!-- purchase -->
    </groups>
    <test started-at="2023-11-03T15:54:22 IST" name="Error Validations Test" finished-at="2023-11-03T15:54:22 IST" duration-ms="19">
    </test> <!-- Error Validations Test -->
    <test started-at="2023-11-03T15:54:22 IST" name="Submit Order Test" finished-at="2023-11-03T15:54:34 IST" duration-ms="11781">
      <class name="com.qa.vigupta.tests.SubmitOrderTest">
        <test-method is-config="true" signature="launchApplication()[pri:0, instance:com.qa.vigupta.tests.SubmitOrderTest@740cae06]" started-at="2023-11-03T15:54:23 IST" name="launchApplication" finished-at="2023-11-03T15:54:25 IST" duration-ms="2821" status="PASS">
          <reporter-output>
          </reporter-output>
        </test-method> <!-- launchApplication -->
        <test-method signature="submitOrder(java.util.HashMap)[pri:0, instance:com.qa.vigupta.tests.SubmitOrderTest@740cae06]" started-at="2023-11-03T15:54:25 IST" name="submitOrder" data-provider="getData" finished-at="2023-11-03T15:54:29 IST" duration-ms="3414" status="PASS">
          <params>
            <param index="0">
              <value>
                <![CDATA[{password=P@ssw0rd@94, product=ZARA COAT 3, email=vigupta.kws@gmail.com}]]>
              </value>
            </param>
          </params>
          <reporter-output>
          </reporter-output>
        </test-method> <!-- submitOrder -->
        <test-method is-config="true" signature="tearDown()[pri:0, instance:com.qa.vigupta.tests.SubmitOrderTest@740cae06]" started-at="2023-11-03T15:54:29 IST" name="tearDown" finished-at="2023-11-03T15:54:29 IST" duration-ms="153" status="PASS">
          <reporter-output>
          </reporter-output>
        </test-method> <!-- tearDown -->
        <test-method is-config="true" signature="launchApplication()[pri:0, instance:com.qa.vigupta.tests.SubmitOrderTest@740cae06]" started-at="2023-11-03T15:54:29 IST" name="launchApplication" finished-at="2023-11-03T15:54:30 IST" duration-ms="1590" status="PASS">
          <reporter-output>
          </reporter-output>
        </test-method> <!-- launchApplication -->
        <test-method signature="submitOrder(java.util.HashMap)[pri:0, instance:com.qa.vigupta.tests.SubmitOrderTest@740cae06]" started-at="2023-11-03T15:54:30 IST" name="submitOrder" data-provider="getData" finished-at="2023-11-03T15:54:34 IST" duration-ms="3363" status="PASS">
          <params>
            <param index="0">
              <value>
                <![CDATA[{password=Iamking@000, product=ADIDAS ORIGINAL, email=anshika@gmail.com}]]>
              </value>
            </param>
          </params>
          <reporter-output>
          </reporter-output>
        </test-method> <!-- submitOrder -->
        <test-method is-config="true" signature="tearDown()[pri:0, instance:com.qa.vigupta.tests.SubmitOrderTest@740cae06]" started-at="2023-11-03T15:54:34 IST" name="tearDown" finished-at="2023-11-03T15:54:34 IST" duration-ms="101" status="PASS">
          <reporter-output>
          </reporter-output>
        </test-method> <!-- tearDown -->
      </class> <!-- com.qa.vigupta.tests.SubmitOrderTest -->
    </test> <!-- Submit Order Test -->
  </suite> <!-- Suite -->
</testng-results>
