<?xml version="1.0" encoding="UTF-8"?>
<!-- Generated by org.testng.reporters.JUnitXMLReporter -->
<testsuite ignored="1" hostname="DEL-PC-0214" failures="0" tests="2" name="Submit Order Test" time="11.781" errors="0" timestamp="2023-11-03T15:54:34 IST">
  <testcase classname="com.qa.vigupta.tests.SubmitOrderTest" name="submitOrder" time="3.414"/>
  <testcase classname="com.qa.vigupta.tests.SubmitOrderTest" name="submitOrder" time="3.363"/>
  <testcase classname="com.qa.vigupta.tests.SubmitOrderTest" name="OrderHistory" time="0.0">
    <ignored/>
  </testcase> <!-- OrderHistory -->
</testsuite> <!-- Submit Order Test -->
