<?xml version="1.0" encoding="UTF-8"?>
<!-- Generated by org.testng.reporters.JUnitXMLReporter -->
<testsuite ignored="0" hostname="DEL-PC-0214" failures="0" tests="3" name="Default test" time="17.644" errors="0" timestamp="2023-10-26T13:44:31 IST">
  <testcase classname="com.qa.vigupta.tests.SubmitOrderTest" name="submitOrder" time="2.79"/>
  <testcase classname="com.qa.vigupta.tests.SubmitOrderTest" name="submitOrder" time="3.07"/>
  <testcase classname="com.qa.vigupta.tests.SubmitOrderTest" name="OrderHistory" time="0.556"/>
</testsuite> <!-- Default test -->
